GET /cgi-bin/ HTTP/1.1
Host: localhost:8080
Connection: keep-alive
Pragma: no-cache
Cache-Control: no-cache
sec-ch-ua: "Chromium";v="116", "Not)A;Brand";v="24", "Google Chrome";v="116"
sec-ch-ua-mobile: ?0
sec-ch-ua-platform: "macOS"
Upgrade-Insecure-Requests: 1
User-Agent: Mozilla/5.0 (Macintosh; Intel Mac OS X 10_15_7) AppleWebKit/537.36 (KHTML, like Gecko) Chrome/116.0.0.0 Safari/537.36
Accept: text/html,application/xhtml+xml,application/xml;q=0.9,image/avif,image/webp,image/apng,*/*;q=0.8,application/signed-exchange;v=b3;q=0.7
Sec-Fetch-Site: none
Sec-Fetch-Mode: navigate
Sec-Fetch-User: ?1
Sec-Fetch-Dest: document
Accept-Encoding: gzip, deflate, br
Accept-Language: en-US,en;q=0.9,ko-KR;q=0.8,ko;q=0.7



HTTP/1.1 200 OK

<!DOCTYPE html>
<html lang="en">
<head>
<meta charset="UTF-8">
<meta name="viewport" content="width=device-width, initial-scale=1.0">
<title>Directory Listing</title>
<style>
body {
font-family: Arial, sans-serif;
margin: 20px;
}
h1 {
margin-bottom: 20px;
}
ul {
list-style-type: none;
padding: 0;
}
li {
margin-bottom: 5px;
}
a {
color: #007bff;
text-decoration: none;
}
a:hover {
text-decoration: underline;
}
</style>
</head>
<body>
<h1>Directory Listing</h1>
<ul>
<li><a href="cgi_get.py">cgi_get.py</a></li>
<li><a href="cgi_post.py">cgi_post.py</a></li>
<li><a href="index.txt">index.txt</a></li>
<li><a href="upload.cgi">upload.cgi</a></li>
</ul>
</body>
</html>


