GET /upload.html HTTP/1.1
Host: localhost:8080
Connection: keep-alive
sec-ch-ua: "Google Chrome";v="123", "Not:A-Brand";v="8", "Chromium";v="123"
sec-ch-ua-mobile: ?0
sec-ch-ua-platform: "macOS"
Upgrade-Insecure-Requests: 1
User-Agent: Mozilla/5.0 (Macintosh; Intel Mac OS X 10_15_7) AppleWebKit/537.36 (KHTML, like Gecko) Chrome/123.0.0.0 Safari/537.36
Sec-Purpose: prefetch;prerender
Purpose: prefetch
Accept: text/html,application/xhtml+xml,application/xml;q=0.9,image/avif,image/webp,image/apng,*/*;q=0.8,application/signed-exchange;v=b3;q=0.7
Sec-Fetch-Site: none
Sec-Fetch-Mode: navigate
Sec-Fetch-User: ?1
Sec-Fetch-Dest: document
Accept-Encoding: gzip, deflate, br, zstd
Accept-Language: ko-KR,ko;q=0.9,en-US;q=0.8,en;q=0.7


HTTP/1.1 200 OK
Content-Length: 352
Content-Type: text/html

<HTML>
    <HEAD></HEAD>
    <BODY>
    <FORM ACTION="upload.cgi" METHOD="post" ENCTYPE="multipart/form-data">
    Photo to Upload: <INPUT TYPE="file" NAME="photo">
    <br><br>
    Your Email Address: <INPUT TYPE="text" NAME="email_address">
    <br><br>
    <INPUT TYPE="submit" NAME="Submit" VALUE="Submit Form">
    </FORM>
    </BODY>
  </HTML>
  

POST /upload.cgi HTTP/1.1
Host: localhost:8080
Connection: keep-alive
Content-Length: 981
Cache-Control: max-age=0
sec-ch-ua: "Google Chrome";v="123", "Not:A-Brand";v="8", "Chromium";v="123"
sec-ch-ua-mobile: ?0
sec-ch-ua-platform: "macOS"
Upgrade-Insecure-Requests: 1
Origin: http://localhost:8080
Content-Type: multipart/form-data; boundary=----WebKitFormBoundaryMIyXdyoArcQyg1rE
User-Agent: Mozilla/5.0 (Macintosh; Intel Mac OS X 10_15_7) AppleWebKit/537.36 (KHTML, like Gecko) Chrome/123.0.0.0 Safari/537.36
Accept: text/html,application/xhtml+xml,application/xml;q=0.9,image/avif,image/webp,image/apng,*/*;q=0.8,application/signed-exchange;v=b3;q=0.7
Sec-Fetch-Site: same-origin
Sec-Fetch-Mode: navigate
Sec-Fetch-User: ?1
Sec-Fetch-Dest: document
Referer: http://localhost:8080/upload.html
Accept-Encoding: gzip, deflate, br, zstd
Accept-Language: ko-KR,ko;q=0.9,en-US;q=0.8,en;q=0.7

------WebKitFormBoundaryMIyXdyoArcQyg1rE
Content-Disposition: form-data; name="photo"; filename="Makefile"
Co
errno: 2HTTP/1.1 303 See Other
Location: http://localhost:8080/bad_request.html



