GET /123 HTTP/1.1
Host: localhost:8080
Connection: keep-alive
Pragma: no-cache
Cache-Control: no-cache
sec-ch-ua: "Chromium";v="116", "Not)A;Brand";v="24", "Google Chrome";v="116"
sec-ch-ua-mobile: ?0
sec-ch-ua-platform: "macOS"
Upgrade-Insecure-Requests: 1
User-Agent: Mozilla/5.0 (Macintosh; Intel Mac OS X 10_15_7) AppleWebKit/537.36 (KHTML, like Gecko) Chrome/116.0.0.0 Safari/537.36
Accept: text/html,application/xhtml+xml,application/xml;q=0.9,image/avif,image/webp,image/apng,*/*;q=0.8,application/signed-exchange;v=b3;q=0.7
Sec-Fetch-Site: none
Sec-Fetch-Mode: navigate
Sec-Fetch-User: ?1
Sec-Fetch-Dest: document
Accept-Encoding: gzip, deflate, br
Accept-Language: en-US,en;q=0.9,ko-KR;q=0.8,ko;q=0.7


HTTP/1.1 303 See Other
Location: http://localhost:8080/error_page.cgi?status_code=404&explanation=Not+Found



GET /error_page.cgi?status_code=404&explanation=Not+Found HTTP/1.1
Host: localhost:8080
Connection: keep-alive
Pragma: no-cache
Cache-Control: no-cache
Upgrade-Insecure-Requests: 1
User-Agent: Mozilla/5.0 (Macintosh; Intel Mac OS X 10_15_7) AppleWebKit/537.36 (KHTML, like Gecko) Chrome/116.0.0.0 Safari/537.36
Accept: text/html,application/xhtml+xml,application/xml;q=0.9,image/avif,image/webp,image/apng,*/*;q=0.8,application/signed-exchange;v=b3;q=0.7
Sec-Fetch-Site: none
Sec-Fetch-Mode: navigate
Sec-Fetch-User: ?1
Sec-Fetch-Dest: document
sec-ch-ua: "Chromium";v="116", "Not)A;Brand";v="24", "Google Chrome";v="116"
sec-ch-ua-mobile: ?0
sec-ch-ua-platform: "macOS"
Accept-Encoding: gzip, deflate, br
Accept-Language: en-US,en;q=0.9,ko-KR;q=0.8,ko;q=0.7


HTTP/1.1 200 OK
Content-Length: 955
Content-Type: text/html


    <!DOCTYPE html>
    <html lang="en">
    <head>
        <meta charset="UTF-8">
        <meta name="viewport" content="width=device-width, initial-scale=1.0">
        <title>Error 404 - Not Found</title>
        <style>
            body {
                font-family: Arial, sans-serif;
                background-color: #f4f4f4;
                margin: 0;
                padding: 20px;
            }
            .container {
                max-width: 800px;
                margin: 50px auto;
                background-color: #fff;
                padding: 20px;
                border-radius: 5px;
                box-shadow: 0 2px 5px rgba(0, 0, 0, 0.1);
            }
            h1 {
                color: #dc3545;
            }
        </style>
    </head>
    <body>
        <div class="container">
            <h1>Error 404 - Not Found</h1>
            <p>Not Found</p>
        </div>
    </body>
    </html>
    


