GET /freeboard.txt HTTP/1.1
Host: localhost:8080
Connection: keep-alive
Pragma: no-cache
Cache-Control: no-cache
sec-ch-ua-platform: "macOS"
User-Agent: Mozilla/5.0 (Macintosh; Intel Mac OS X 10_15_7) AppleWebKit/537.36 (KHTML, like Gecko) Chrome/131.0.0.0 Safari/537.36
sec-ch-ua: "Google Chrome";v="131", "Chromium";v="131", "Not_A Brand";v="24"
sec-ch-ua-mobile: ?0
Accept: */*
Sec-Fetch-Site: same-origin
Sec-Fetch-Mode: cors
Sec-Fetch-Dest: empty
Referer: http://localhost:8080/index.html
Accept-Encoding: gzip, deflate, br, zstd
Accept-Language: ko-KR,ko;q=0.9,en-US;q=0.8,en;q=0.7
Cookie: visit_count=9



HTTP/1.1 200 OK
Content-Length: 9
Content-Type: text/plain
Server: webserv/1.0
Date: Wed, 01 Jan 2025 20:56:58 GMT
Connection: keep-alive



hi there!

POST /freeboard.txt HTTP/1.1
Host: localhost:8080
Connection: keep-alive
Content-Length: 9
Pragma: no-cache
Cache-Control: no-cache
sec-ch-ua-platform: "macOS"
User-Agent: Mozilla/5.0 (Macintosh; Intel Mac OS X 10_15_7) AppleWebKit/537.36 (KHTML, like Gecko) Chrome/131.0.0.0 Safari/537.36
sec-ch-ua: "Google Chrome";v="131", "Chromium";v="131", "Not_A Brand";v="24"
Content-Type: text/plain;charset=UTF-8
sec-ch-ua-mobile: ?0
Accept: */*
Origin: http://localhost:8080
Sec-Fetch-Site: same-origin
Sec-Fetch-Mode: cors
Sec-Fetch-Dest: empty
Referer: http://localhost:8080/index.html
Accept-Encoding: gzip, deflate, br, zstd
Accept-Language: ko-KR,ko;q=0.9,en-US;q=0.8,en;q=0.7
Cookie: visit_count=9

hi there!
hi there!
HTTP/1.1 204 No Content
Server: webserv/1.0
Date: Wed, 01 Jan 2025 20:56:59 GMT
Connection: keep-alive



GET /freeboard.txt HTTP/1.1
Host: localhost:8080
Connection: keep-alive
Pragma: no-cache
Cache-Control: no-cache
sec-ch-ua-platform: "macOS"
User-Agent: Mozilla/5.0 (Macintosh; Intel Mac OS X 10_15_7) AppleWebKit/537.36 (KHTML, like Gecko) Chrome/131.0.0.0 Safari/537.36
sec-ch-ua: "Google Chrome";v="131", "Chromium";v="131", "Not_A Brand";v="24"
sec-ch-ua-mobile: ?0
Accept: */*
Sec-Fetch-Site: same-origin
Sec-Fetch-Mode: cors
Sec-Fetch-Dest: empty
Referer: http://localhost:8080/index.html
Accept-Encoding: gzip, deflate, br, zstd
Accept-Language: ko-KR,ko;q=0.9,en-US;q=0.8,en;q=0.7
Cookie: visit_count=9



HTTP/1.1 200 OK
Content-Length: 18
Content-Type: text/plain
Server: webserv/1.0
Date: Wed, 01 Jan 2025 20:57:01 GMT
Connection: keep-alive



hi there!hi there!

