donghyu2@cx1r3s1 webserv % ./webserv 
[00:00:00] Listening on port 8080
[00:00:02] handleRegularRequest - recv start
[00:00:02] handleRegularRequest - recv done read by 
599
[00:00:02] handleRegularRequest - recv data
GET /favicon.ico HTTP/1.1
Host: localhost:8080
Connection: keep-alive
sec-ch-ua: "Chromium";v="116", "Not)A;Brand";v="24", "Google Chrome";v="116"
sec-ch-ua-mobile: ?0
User-Agent: Mozilla/5.0 (Macintosh; Intel Mac OS X 10_15_7) AppleWebKit/537.36 (KHTML, like Gecko) Chrome/116.0.0.0 Safari/537.36
sec-ch-ua-platform: "macOS"
Accept: image/avif,image/webp,image/apng,image/svg+xml,image/*,*/*;q=0.8
Sec-Fetch-Site: same-origin
Sec-Fetch-Mode: no-cors
Sec-Fetch-Dest: image
Referer: http://localhost:8080/upload.html
Accept-Encoding: gzip, deflate, br
Accept-Language: en-US,en;q=0.9


[00:00:05] handleRegularRequest - recv start
[00:00:05] handleRegularRequest - recv done read by 
895
[00:00:05] handleRegularRequest - recv data
POST /cgi-bin/upload.cgi HTTP/1.1
Host: localhost:8080
Connection: keep-alive
Content-Length: 1118
Cache-Control: max-age=0
sec-ch-ua: "Chromium";v="116", "Not)A;Brand";v="24", "Google Chrome";v="116"
sec-ch-ua-mobile: ?0
sec-ch-ua-platform: "macOS"
Upgrade-Insecure-Requests: 1
Origin: http://localhost:8080
Content-Type: multipart/form-data; boundary=----WebKitFormBoundaryVrbfYxlRS9SE079b
User-Agent: Mozilla/5.0 (Macintosh; Intel Mac OS X 10_15_7) AppleWebKit/537.36 (KHTML, like Gecko) Chrome/116.0.0.0 Safari/537.36
Accept: text/html,application/xhtml+xml,application/xml;q=0.9,image/avif,image/webp,image/apng,*/*;q=0.8,application/signed-exchange;v=b3;q=0.7
Sec-Fetch-Site: same-origin
Sec-Fetch-Mode: navigate
Sec-Fetch-User: ?1
Sec-Fetch-Dest: document
Referer: http://localhost:8080/upload.html
Accept-Encoding: gzip, deflate, br
Accept-Language: en-US,en;q=0.9


[00:00:05] handleRegularRequest - recv start
[00:00:05] handleRegularRequest - recv done read by 
1118
[00:00:05] handleRegularRequest - recv data
------WebKitFormBoundaryVrbfYxlRS9SE079b
Content-Disposition: form-data; name="photo"; filename="new.jpeg"
Content-Type: image/jpeg

????JFIFHH??XExifMM?i&??
                        ???
                          "??

???}!1AQa"q2??#B??R??$3br?	
%&'()*456789:CDEFGHIJSTUVWXYZcdefghijstuvwxyz???????????????????????????????????????????????????????????????????????????

???w!1AQaq"2B????	#3R?br?
$4?%?&'()*56789:CDEFGHIJSTUVWXYZcdefghijstuvwxyz??????????????????????????????????????????????????????????????????????????C	( %1!%)+...383,7(-.+??C


----+---+--------------------------+---------------????
                                                       ??I?F5j?
                                                               O??
------WebKitFormBoundaryVrbfYxlRS9SE079b
Content-Disposition: form-data; name="email_address"


------WebKitFormBoundaryVrbfYxlRS9SE079b
Content-Disposition: form-data; name="Submit"

Submit Form
------WebKitFormBoundaryVrbfYxlRS9SE079b--